2020-09-24 03:19:43,380 INFO [base.py(__init__:10)] - 正在初始化driver：<selenium.webdriver.chrome.webdriver.WebDriver (session="140f3b09614dfb0e7321a6da991f81ac")>
2020-09-24 03:19:43,383 INFO [page_mp_login.py(page_mp_login:29)] - 正在调用自媒体登录业务方法，用户名：13812345678，密码：246810
2020-09-24 03:19:43,384 INFO [base.py(base_get_element:14)] - 正在查找元素：('css selector', '[placeholder="请输入手机号"]')
2020-09-24 03:19:43,407 INFO [base.py(base_input:24)] - 清空元素：('css selector', '[placeholder="请输入手机号"]')
2020-09-24 03:19:43,462 INFO [base.py(base_input:26)] - 在('css selector', '[placeholder="请输入手机号"]')元素上，输入13812345678
2020-09-24 03:19:43,664 INFO [base.py(base_get_element:14)] - 正在查找元素：('css selector', '[placeholder="验证码"]')
2020-09-24 03:19:43,674 INFO [base.py(base_input:24)] - 清空元素：('css selector', '[placeholder="验证码"]')
2020-09-24 03:19:43,706 INFO [base.py(base_input:26)] - 在('css selector', '[placeholder="验证码"]')元素上，输入246810
2020-09-24 03:19:44,782 INFO [base.py(base_click:19)] - 点击元素：('css selector', '.el-button--primary')
2020-09-24 03:19:44,782 INFO [base.py(base_get_element:14)] - 正在查找元素：('css selector', '.el-button--primary')
2020-09-24 03:19:45,104 INFO [test01_mp_login.py(test_mp_login:32)] - 正在进行断言
2020-09-24 03:19:45,104 INFO [base.py(base_get_text:30)] - 获取元素('css selector', '.user-name')的文本信息
2020-09-24 03:19:45,104 INFO [base.py(base_get_element:14)] - 正在查找元素：('css selector', '.user-name')
2020-09-24 03:19:45,765 INFO [test01_mp_login.py(test_mp_login:34)] - 断言正确
2020-09-24 03:19:53,764 INFO [base.py(__init__:10)] - 正在初始化driver：<selenium.webdriver.chrome.webdriver.WebDriver (session="421fc4cd12bd0b785970f2d8cfdb947f")>
2020-09-24 03:19:53,765 INFO [test02_mp_article.py(setUpClass:29)] - 调用登录成功方法
2020-09-24 03:19:53,765 INFO [base.py(__init__:10)] - 正在初始化driver：<selenium.webdriver.chrome.webdriver.WebDriver (session="421fc4cd12bd0b785970f2d8cfdb947f")>
2020-09-24 03:19:53,765 INFO [page_mp_login.py(page_mp_login_article:37)] - 正在调用自媒体登录业务方法，用户名：13812345678，密码：246810
2020-09-24 03:19:53,765 INFO [base.py(base_get_element:14)] - 正在查找元素：('css selector', '[placeholder="请输入手机号"]')
2020-09-24 03:19:53,782 INFO [base.py(base_input:24)] - 清空元素：('css selector', '[placeholder="请输入手机号"]')
2020-09-24 03:19:53,812 INFO [base.py(base_input:26)] - 在('css selector', '[placeholder="请输入手机号"]')元素上，输入13812345678
2020-09-24 03:19:53,888 INFO [base.py(base_get_element:14)] - 正在查找元素：('css selector', '[placeholder="验证码"]')
2020-09-24 03:19:53,900 INFO [base.py(base_input:24)] - 清空元素：('css selector', '[placeholder="验证码"]')
2020-09-24 03:19:53,927 INFO [base.py(base_input:26)] - 在('css selector', '[placeholder="验证码"]')元素上，输入246810
2020-09-24 03:19:54,986 INFO [base.py(base_click:19)] - 点击元素：('css selector', '.el-button--primary')
2020-09-24 03:19:54,986 INFO [base.py(base_get_element:14)] - 正在查找元素：('css selector', '.el-button--primary')
2020-09-24 03:19:55,032 INFO [base.py(base_get_element:14)] - 正在查找元素：('xpath', "//*[contains(text(),'发布文章')]")
2020-09-24 03:19:58,581 INFO [page_mp_article.py(page_click_content_management:15)] - 点击内容管理
2020-09-24 03:19:58,581 INFO [base.py(base_click:19)] - 点击元素：('xpath', "//span[text()='内容管理']/..")
2020-09-24 03:19:58,581 INFO [base.py(base_get_element:14)] - 正在查找元素：('xpath', "//span[text()='内容管理']/..")
2020-09-24 03:19:59,632 INFO [page_mp_article.py(page_click_issue_article:20)] - 点击发布文章
2020-09-24 03:19:59,632 INFO [base.py(base_click:19)] - 点击元素：('xpath', "//*[contains(text(),'发布文章')]")
2020-09-24 03:19:59,632 INFO [base.py(base_get_element:14)] - 正在查找元素：('xpath', "//*[contains(text(),'发布文章')]")
2020-09-24 03:20:00,676 INFO [page_mp_article.py(page_input_article_title:25)] - 输入文章标题：BBB88802
2020-09-24 03:20:00,676 INFO [base.py(base_get_element:14)] - 正在查找元素：('css selector', '[placeholder="文章名称"]')
2020-09-24 03:20:00,687 INFO [base.py(base_input:24)] - 清空元素：('css selector', '[placeholder="文章名称"]')
2020-09-24 03:20:00,720 INFO [base.py(base_input:26)] - 在('css selector', '[placeholder="文章名称"]')元素上，输入BBB88802
2020-09-24 03:20:01,836 INFO [page_mp_article.py(page_input_article:30)] - 切换表单
2020-09-24 03:20:01,836 INFO [base.py(base_get_element:14)] - 正在查找元素：('css selector', '#publishTinymce_ifr')
2020-09-24 03:20:02,883 INFO [page_mp_article.py(page_input_article:33)] - 输入文章内容
2020-09-24 03:20:02,883 INFO [base.py(base_get_element:14)] - 正在查找元素：('css selector', '#tinymce')
2020-09-24 03:20:02,894 INFO [base.py(base_input:24)] - 清空元素：('css selector', '#tinymce')
2020-09-24 03:20:02,913 INFO [base.py(base_input:26)] - 在('css selector', '#tinymce')元素上，输入这是一条Btytest自动化测试用例
2020-09-24 03:20:03,068 INFO [page_mp_article.py(page_input_article:35)] - 切换回原始目录
2020-09-24 03:20:04,072 INFO [page_mp_article.py(page_select_bookface:40)] - 选择文章页面图片
2020-09-24 03:20:04,072 INFO [base.py(base_click:19)] - 点击元素：('xpath', "//span[text()='自动']")
2020-09-24 03:20:04,072 INFO [base.py(base_get_element:14)] - 正在查找元素：('xpath', "//span[text()='自动']")
2020-09-24 03:20:05,157 INFO [web_base.py(web_base_click_element:15)] - 点击复选框
2020-09-24 03:20:05,157 INFO [base.py(base_click:19)] - 点击元素：('css selector', '[placeholder="请选择"]')
2020-09-24 03:20:05,157 INFO [base.py(base_get_element:14)] - 正在查找元素：('css selector', '[placeholder="请选择"]')
2020-09-24 03:20:06,217 INFO [web_base.py(web_base_click_element:19)] - 点击频道：数据库
2020-09-24 03:20:06,217 INFO [base.py(base_click:19)] - 点击元素：('xpath', '//*[text()="数据库"]')
2020-09-24 03:20:06,218 INFO [base.py(base_get_element:14)] - 正在查找元素：('xpath', '//*[text()="数据库"]')
2020-09-24 03:20:07,301 INFO [page_mp_article.py(page_click_issue_btn:49)] - 点击发布按钮
2020-09-24 03:20:07,301 INFO [base.py(base_click:19)] - 点击元素：('xpath', "//span[text()='发表']/..")
2020-09-24 03:20:07,301 INFO [base.py(base_get_element:14)] - 正在查找元素：('xpath', "//span[text()='发表']/..")
2020-09-24 03:20:08,355 INFO [test02_mp_article.py(test_mp_article:39)] - 调用发布文章业务组合方法
2020-09-24 03:20:08,355 INFO [test02_mp_article.py(test_mp_article:41)] - 开始断言
2020-09-24 03:20:08,355 INFO [page_mp_article.py(page_get_issue_result:54)] - 获取发布结果
2020-09-24 03:20:09,356 INFO [base.py(base_get_text:30)] - 获取元素('xpath', "//*[contains(text(),'新增文章成功')]")的文本信息
2020-09-24 03:20:09,357 INFO [base.py(base_get_element:14)] - 正在查找元素：('xpath', "//*[contains(text(),'新增文章成功')]")
2020-09-24 03:20:09,415 INFO [test02_mp_article.py(test_mp_article:43)] - 断言成功
2020-09-24 03:20:09,422 INFO [base.py(base_get_element:14)] - 正在查找元素：('xpath', "//*[contains(text(),'发布文章')]")
2020-09-24 03:20:09,451 INFO [page_mp_article.py(page_click_issue_article:20)] - 点击发布文章
2020-09-24 03:20:09,451 INFO [base.py(base_click:19)] - 点击元素：('xpath', "//*[contains(text(),'发布文章')]")
2020-09-24 03:20:09,451 INFO [base.py(base_get_element:14)] - 正在查找元素：('xpath', "//*[contains(text(),'发布文章')]")
2020-09-24 03:20:10,497 INFO [page_mp_article.py(page_input_article_title:25)] - 输入文章标题：BBB88803
2020-09-24 03:20:10,497 INFO [base.py(base_get_element:14)] - 正在查找元素：('css selector', '[placeholder="文章名称"]')
2020-09-24 03:20:19,591 INFO [base.py(base_get_element:14)] - 正在查找元素：('xpath', "//*[contains(text(),'发布文章')]")
2020-09-24 03:20:28,690 INFO [base.py(base_get_element:14)] - 正在查找元素：('xpath', "//*[contains(text(),'发布文章')]")
2020-09-24 03:20:32,738 INFO [base.py(base_get_element:14)] - 正在查找元素：('xpath', "//*[contains(text(),'发布文章')]")
2020-09-24 03:20:41,785 INFO [base.py(base_get_element:14)] - 正在查找元素：('xpath', "//*[contains(text(),'发布文章')]")
2020-09-24 03:20:50,860 INFO [base.py(base_get_element:14)] - 正在查找元素：('xpath', "//*[contains(text(),'发布文章')]")
2020-09-24 03:20:54,908 INFO [base.py(base_get_element:14)] - 正在查找元素：('xpath', "//*[contains(text(),'发布文章')]")
2020-09-24 03:21:10,974 INFO [base.py(__init__:10)] - 正在初始化driver：<selenium.webdriver.chrome.webdriver.WebDriver (session="a02f1ed5f798e3bc0f976fa90d82e736")>
2020-09-24 03:21:10,975 INFO [test02_mp_article.py(setUpClass:29)] - 调用登录成功方法
2020-09-24 03:21:10,975 INFO [base.py(__init__:10)] - 正在初始化driver：<selenium.webdriver.chrome.webdriver.WebDriver (session="a02f1ed5f798e3bc0f976fa90d82e736")>
2020-09-24 03:21:10,975 INFO [page_mp_login.py(page_mp_login_article:37)] - 正在调用自媒体登录业务方法，用户名：13812345678，密码：246810
2020-09-24 03:21:10,975 INFO [base.py(base_get_element:14)] - 正在查找元素：('css selector', '[placeholder="请输入手机号"]')
2020-09-24 03:21:10,986 INFO [base.py(base_input:24)] - 清空元素：('css selector', '[placeholder="请输入手机号"]')
2020-09-24 03:21:11,013 INFO [base.py(base_input:26)] - 在('css selector', '[placeholder="请输入手机号"]')元素上，输入13812345678
2020-09-24 03:21:11,079 INFO [base.py(base_get_element:14)] - 正在查找元素：('css selector', '[placeholder="验证码"]')
2020-09-24 03:21:11,087 INFO [base.py(base_input:24)] - 清空元素：('css selector', '[placeholder="验证码"]')
2020-09-24 03:21:11,115 INFO [base.py(base_input:26)] - 在('css selector', '[placeholder="验证码"]')元素上，输入246810
2020-09-24 03:21:12,160 INFO [base.py(base_click:19)] - 点击元素：('css selector', '.el-button--primary')
2020-09-24 03:21:12,160 INFO [base.py(base_get_element:14)] - 正在查找元素：('css selector', '.el-button--primary')
2020-09-24 03:21:12,208 INFO [base.py(base_get_element:14)] - 正在查找元素：('xpath', "//*[contains(text(),'发布文章')]")
2020-09-24 03:21:15,750 INFO [page_mp_article.py(page_click_content_management:15)] - 点击内容管理
2020-09-24 03:21:15,750 INFO [base.py(base_click:19)] - 点击元素：('xpath', "//span[text()='内容管理']/..")
2020-09-24 03:21:15,750 INFO [base.py(base_get_element:14)] - 正在查找元素：('xpath', "//span[text()='内容管理']/..")
2020-09-24 03:21:16,835 INFO [page_mp_article.py(page_click_issue_article:20)] - 点击发布文章
2020-09-24 03:21:16,835 INFO [base.py(base_click:19)] - 点击元素：('xpath', "//*[contains(text(),'发布文章')]")
2020-09-24 03:21:16,835 INFO [base.py(base_get_element:14)] - 正在查找元素：('xpath', "//*[contains(text(),'发布文章')]")
2020-09-24 03:21:17,878 INFO [page_mp_article.py(page_input_article_title:25)] - 输入文章标题：BBB88805
2020-09-24 03:21:17,878 INFO [base.py(base_get_element:14)] - 正在查找元素：('css selector', '[placeholder="文章名称"]')
2020-09-24 03:21:17,899 INFO [base.py(base_input:24)] - 清空元素：('css selector', '[placeholder="文章名称"]')
2020-09-24 03:21:17,938 INFO [base.py(base_input:26)] - 在('css selector', '[placeholder="文章名称"]')元素上，输入BBB88805
2020-09-24 03:21:19,039 INFO [page_mp_article.py(page_input_article:30)] - 切换表单
2020-09-24 03:21:19,039 INFO [base.py(base_get_element:14)] - 正在查找元素：('css selector', '#publishTinymce_ifr')
